<?xml version="1.0" encoding="UTF-8"?>
<testsuite name="com.joantolos.kata.pingpong.app.controller.PingPongControllerTest" tests="1" skipped="0" failures="0" errors="0" timestamp="2019-05-10T12:43:57" hostname="joans-MacBook-Pro.local" time="0.468">
  <properties/>
  <testcase name="shouldPing" classname="com.joantolos.kata.pingpong.app.controller.PingPongControllerTest" time="0.468"/>
  <system-out><![CDATA[14:43:49.595 [Test worker] DEBUG org.springframework.test.context.junit4.SpringJUnit4ClassRunner - SpringJUnit4ClassRunner constructor called with [class com.joantolos.kata.pingpong.app.controller.PingPongControllerTest]
14:43:49.607 [Test worker] DEBUG org.springframework.test.context.BootstrapUtils - Instantiating CacheAwareContextLoaderDelegate from class [org.springframework.test.context.cache.DefaultCacheAwareContextLoaderDelegate]
14:43:49.624 [Test worker] DEBUG org.springframework.test.context.BootstrapUtils - Instantiating BootstrapContext using constructor [public org.springframework.test.context.support.DefaultBootstrapContext(java.lang.Class,org.springframework.test.context.CacheAwareContextLoaderDelegate)]
14:43:49.667 [Test worker] DEBUG org.springframework.test.context.BootstrapUtils - Instantiating TestContextBootstrapper for test class [com.joantolos.kata.pingpong.app.controller.PingPongControllerTest] from class [org.springframework.boot.test.context.SpringBootTestContextBootstrapper]
14:43:49.694 [Test worker] INFO org.springframework.boot.test.context.SpringBootTestContextBootstrapper - Neither @ContextConfiguration nor @ContextHierarchy found for test class [com.joantolos.kata.pingpong.app.controller.PingPongControllerTest], using SpringBootContextLoader
14:43:49.700 [Test worker] DEBUG org.springframework.test.context.support.AbstractContextLoader - Did not detect default resource location for test class [com.joantolos.kata.pingpong.app.controller.PingPongControllerTest]: class path resource [com/joantolos/kata/pingpong/app/controller/PingPongControllerTest-context.xml] does not exist
14:43:49.701 [Test worker] DEBUG org.springframework.test.context.support.AbstractContextLoader - Did not detect default resource location for test class [com.joantolos.kata.pingpong.app.controller.PingPongControllerTest]: class path resource [com/joantolos/kata/pingpong/app/controller/PingPongControllerTestContext.groovy] does not exist
14:43:49.701 [Test worker] INFO org.springframework.test.context.support.AbstractContextLoader - Could not detect default resource locations for test class [com.joantolos.kata.pingpong.app.controller.PingPongControllerTest]: no resource found for suffixes {-context.xml, Context.groovy}.
14:43:49.702 [Test worker] INFO org.springframework.test.context.support.AnnotationConfigContextLoaderUtils - Could not detect default configuration classes for test class [com.joantolos.kata.pingpong.app.controller.PingPongControllerTest]: PingPongControllerTest does not declare any static, non-private, non-final, nested classes annotated with @Configuration.
14:43:49.788 [Test worker] DEBUG org.springframework.test.context.support.ActiveProfilesUtils - Could not find an 'annotation declaring class' for annotation type [org.springframework.test.context.ActiveProfiles] and class [com.joantolos.kata.pingpong.app.controller.PingPongControllerTest]
14:43:49.936 [Test worker] DEBUG org.springframework.context.annotation.ClassPathScanningCandidateComponentProvider - Identified candidate component class: file [/Users/joan/Documents/code/joantolos/kata-ping-pong/kata-ping-pong-src/kata-ping-pong-app/build/classes/java/main/com/joantolos/kata/pingpong/app/PingPongApp.class]
14:43:49.938 [Test worker] INFO org.springframework.boot.test.context.SpringBootTestContextBootstrapper - Found @SpringBootConfiguration com.joantolos.kata.pingpong.app.PingPongApp for test class com.joantolos.kata.pingpong.app.controller.PingPongControllerTest
14:43:50.161 [Test worker] DEBUG org.springframework.boot.test.context.SpringBootTestContextBootstrapper - @TestExecutionListeners is not present for class [com.joantolos.kata.pingpong.app.controller.PingPongControllerTest]: using defaults.
14:43:50.162 [Test worker] INFO org.springframework.boot.test.context.SpringBootTestContextBootstrapper - Loaded default TestExecutionListener class names from location [META-INF/spring.factories]: [org.springframework.boot.test.autoconfigure.restdocs.RestDocsTestExecutionListener, org.springframework.boot.test.autoconfigure.web.client.MockRestServiceServerResetTestExecutionListener, org.springframework.boot.test.autoconfigure.web.servlet.MockMvcPrintOnlyOnFailureTestExecutionListener, org.springframework.boot.test.autoconfigure.web.servlet.WebDriverTestExecutionListener, org.springframework.boot.test.mock.mockito.MockitoTestExecutionListener, org.springframework.boot.test.mock.mockito.ResetMocksTestExecutionListener, org.springframework.test.context.web.ServletTestExecutionListener, org.springframework.test.context.support.DirtiesContextBeforeModesTestExecutionListener, org.springframework.test.context.support.DependencyInjectionTestExecutionListener, org.springframework.test.context.support.DirtiesContextTestExecutionListener, org.springframework.test.context.transaction.TransactionalTestExecutionListener, org.springframework.test.context.jdbc.SqlScriptsTestExecutionListener]
14:43:50.188 [Test worker] DEBUG org.springframework.boot.test.context.SpringBootTestContextBootstrapper - Skipping candidate TestExecutionListener [org.springframework.test.context.transaction.TransactionalTestExecutionListener] due to a missing dependency. Specify custom listener classes or make the default listener classes and their required dependencies available. Offending class: [org/springframework/transaction/interceptor/TransactionAttributeSource]
14:43:50.189 [Test worker] DEBUG org.springframework.boot.test.context.SpringBootTestContextBootstrapper - Skipping candidate TestExecutionListener [org.springframework.test.context.jdbc.SqlScriptsTestExecutionListener] due to a missing dependency. Specify custom listener classes or make the default listener classes and their required dependencies available. Offending class: [org/springframework/transaction/interceptor/TransactionAttribute]
14:43:50.190 [Test worker] INFO org.springframework.boot.test.context.SpringBootTestContextBootstrapper - Using TestExecutionListeners: [org.springframework.test.context.web.ServletTestExecutionListener@4aa3a181, org.springframework.test.context.support.DirtiesContextBeforeModesTestExecutionListener@59a683f1, org.springframework.boot.test.mock.mockito.MockitoTestExecutionListener@412fbb16, org.springframework.boot.test.autoconfigure.SpringBootDependencyInjectionTestExecutionListener@47e67f09, org.springframework.test.context.support.DirtiesContextTestExecutionListener@109e71dd, org.springframework.boot.test.autoconfigure.restdocs.RestDocsTestExecutionListener@7d4ad134, org.springframework.boot.test.autoconfigure.web.client.MockRestServiceServerResetTestExecutionListener@41013280, org.springframework.boot.test.autoconfigure.web.servlet.MockMvcPrintOnlyOnFailureTestExecutionListener@356b139e, org.springframework.boot.test.autoconfigure.web.servlet.WebDriverTestExecutionListener@56189c77, org.springframework.boot.test.mock.mockito.ResetMocksTestExecutionListener@7d7024f1]
14:43:50.195 [Test worker] DEBUG org.springframework.test.annotation.ProfileValueUtils - Retrieved @ProfileValueSourceConfiguration [null] for test class [com.joantolos.kata.pingpong.app.controller.PingPongControllerTest]
14:43:50.195 [Test worker] DEBUG org.springframework.test.annotation.ProfileValueUtils - Retrieved ProfileValueSource type [class org.springframework.test.annotation.SystemProfileValueSource] for class [com.joantolos.kata.pingpong.app.controller.PingPongControllerTest]
14:43:50.196 [Test worker] DEBUG org.springframework.test.annotation.ProfileValueUtils - Retrieved @ProfileValueSourceConfiguration [null] for test class [com.joantolos.kata.pingpong.app.controller.PingPongControllerTest]
14:43:50.196 [Test worker] DEBUG org.springframework.test.annotation.ProfileValueUtils - Retrieved ProfileValueSource type [class org.springframework.test.annotation.SystemProfileValueSource] for class [com.joantolos.kata.pingpong.app.controller.PingPongControllerTest]
14:43:50.204 [Test worker] DEBUG org.springframework.test.context.support.AbstractDirtiesContextTestExecutionListener - Before test class: context [DefaultTestContext@d1e9676 testClass = PingPongControllerTest, testInstance = [null], testMethod = [null], testException = [null], mergedContextConfiguration = [WebMergedContextConfiguration@591b6e27 testClass = PingPongControllerTest, locations = '{}', classes = '{class com.joantolos.kata.pingpong.app.PingPongApp}', contextInitializerClasses = '[]', activeProfiles = '{}', propertySourceLocations = '{}', propertySourceProperties = '{eureka.client.enabled=false, eureka.client.register-with-eureka=false, eureka.client.fetch-registry=false, server.port=7111, org.springframework.boot.test.context.SpringBootTestContextBootstrapper=true}', contextCustomizers = set[org.springframework.boot.test.autoconfigure.properties.PropertyMappingContextCustomizer@0, org.springframework.boot.test.autoconfigure.web.servlet.WebDriverContextCustomizerFactory$Customizer@1eb29614, org.springframework.boot.test.context.filter.ExcludeFilterContextCustomizer@29f0d217, org.springframework.boot.test.json.DuplicateJsonObjectContextCustomizerFactory$DuplicateJsonObjectContextCustomizer@50a0b8c9, org.springframework.boot.test.mock.mockito.MockitoContextCustomizer@0, org.springframework.boot.test.web.client.TestRestTemplateContextCustomizer@7430924], resourceBasePath = 'src/main/webapp', contextLoader = 'org.springframework.boot.test.context.SpringBootContextLoader', parent = [null]], attributes = map['org.springframework.test.context.web.ServletTestExecutionListener.activateListener' -> true]], class annotated with @DirtiesContext [false] with mode [null].
14:43:50.205 [Test worker] DEBUG org.springframework.test.annotation.ProfileValueUtils - Retrieved @ProfileValueSourceConfiguration [null] for test class [com.joantolos.kata.pingpong.app.controller.PingPongControllerTest]
14:43:50.205 [Test worker] DEBUG org.springframework.test.annotation.ProfileValueUtils - Retrieved ProfileValueSource type [class org.springframework.test.annotation.SystemProfileValueSource] for class [com.joantolos.kata.pingpong.app.controller.PingPongControllerTest]
14:43:50.281 [Test worker] DEBUG org.springframework.test.context.support.TestPropertySourceUtils - Adding inlined properties to environment: {spring.jmx.enabled=false, eureka.client.enabled=false, eureka.client.register-with-eureka=false, eureka.client.fetch-registry=false, server.port=7111, org.springframework.boot.test.context.SpringBootTestContextBootstrapper=true}
2019-05-10 14:43:51.368  INFO 3023 --- [    Test worker] trationDelegate$BeanPostProcessorChecker : Bean 'org.springframework.cloud.autoconfigure.ConfigurationPropertiesRebinderAutoConfiguration' of type [org.springframework.cloud.autoconfigure.ConfigurationPropertiesRebinderAutoConfiguration$$EnhancerBySpringCGLIB$$9b8e4c17] is not eligible for getting processed by all BeanPostProcessors (for example: not eligible for auto-proxying)

  .   ____          _            __ _ _
 /\\ / ___'_ __ _ _(_)_ __  __ _ \ \ \ \
( ( )\___ | '_ | '_| | '_ \/ _` | \ \ \ \
 \\/  ___)| |_)| | | | | || (_| |  ) ) ) )
  '  |____| .__|_| |_|_| |_\__, | / / / /
 =========|_|==============|___/=/_/_/_/
 :: Spring Boot ::        (v2.1.3.RELEASE)

2019-05-10 14:43:52.180  INFO 3023 --- [    Test worker] c.j.k.p.a.c.PingPongControllerTest       : No active profile set, falling back to default profiles: default
2019-05-10 14:43:53.640  INFO 3023 --- [    Test worker] o.s.cloud.context.scope.GenericScope     : BeanFactory id=6146fde8-8678-3ba7-93b5-a42f9769f2e4
2019-05-10 14:43:53.836  INFO 3023 --- [    Test worker] trationDelegate$BeanPostProcessorChecker : Bean 'org.springframework.cloud.autoconfigure.ConfigurationPropertiesRebinderAutoConfiguration' of type [org.springframework.cloud.autoconfigure.ConfigurationPropertiesRebinderAutoConfiguration$$EnhancerBySpringCGLIB$$9b8e4c17] is not eligible for getting processed by all BeanPostProcessors (for example: not eligible for auto-proxying)
2019-05-10 14:43:54.295  WARN 3023 --- [    Test worker] o.s.c.n.a.ArchaiusAutoConfiguration      : No spring.application.name found, defaulting to 'application'
2019-05-10 14:43:54.303  WARN 3023 --- [    Test worker] c.n.c.sources.URLConfigurationSource     : No URLs will be polled as dynamic configuration sources.
2019-05-10 14:43:54.303  INFO 3023 --- [    Test worker] c.n.c.sources.URLConfigurationSource     : To enable URLs as dynamic configuration sources, define System property archaius.configurationSource.additionalUrls or make config.properties available on classpath.
2019-05-10 14:43:54.317  WARN 3023 --- [    Test worker] c.n.c.sources.URLConfigurationSource     : No URLs will be polled as dynamic configuration sources.
2019-05-10 14:43:54.317  INFO 3023 --- [    Test worker] c.n.c.sources.URLConfigurationSource     : To enable URLs as dynamic configuration sources, define System property archaius.configurationSource.additionalUrls or make config.properties available on classpath.
2019-05-10 14:43:55.148  INFO 3023 --- [    Test worker] o.s.s.concurrent.ThreadPoolTaskExecutor  : Initializing ExecutorService 'applicationTaskExecutor'
2019-05-10 14:43:57.309  INFO 3023 --- [    Test worker] o.s.b.a.e.web.EndpointLinksResolver      : Exposing 2 endpoint(s) beneath base path '/actuator'
2019-05-10 14:43:57.458  INFO 3023 --- [    Test worker] c.j.k.p.a.c.PingPongControllerTest       : Started PingPongControllerTest in 7.153 seconds (JVM running for 9.375)
2019-05-10 14:43:57.771  INFO 3023 --- [    Test worker] c.j.k.p.a.controller.PingPongController  : 	 *** /ping endpoint called
]]></system-out>
  <system-err><![CDATA[]]></system-err>
</testsuite>
