<?xml version="1.0" encoding="UTF-8"?>
<testsuite name="com.joantolos.kata.pingpong.app.controller.PingPongControllerTest" tests="1" skipped="0" failures="0" errors="0" timestamp="2019-11-27T15:12:18" hostname="Joans-MBP-2.mm-ads.com" time="0.523">
  <properties/>
  <testcase name="shouldPing" classname="com.joantolos.kata.pingpong.app.controller.PingPongControllerTest" time="0.523"/>
  <system-out><![CDATA[16:12:11.417 [Test worker] DEBUG org.springframework.test.context.junit4.SpringJUnit4ClassRunner - SpringJUnit4ClassRunner constructor called with [class com.joantolos.kata.pingpong.app.controller.PingPongControllerTest]
16:12:11.431 [Test worker] DEBUG org.springframework.test.context.BootstrapUtils - Instantiating CacheAwareContextLoaderDelegate from class [org.springframework.test.context.cache.DefaultCacheAwareContextLoaderDelegate]
16:12:11.447 [Test worker] DEBUG org.springframework.test.context.BootstrapUtils - Instantiating BootstrapContext using constructor [public org.springframework.test.context.support.DefaultBootstrapContext(java.lang.Class,org.springframework.test.context.CacheAwareContextLoaderDelegate)]
16:12:11.513 [Test worker] DEBUG org.springframework.test.context.BootstrapUtils - Instantiating TestContextBootstrapper for test class [com.joantolos.kata.pingpong.app.controller.PingPongControllerTest] from class [org.springframework.boot.test.context.SpringBootTestContextBootstrapper]
16:12:11.541 [Test worker] INFO org.springframework.boot.test.context.SpringBootTestContextBootstrapper - Neither @ContextConfiguration nor @ContextHierarchy found for test class [com.joantolos.kata.pingpong.app.controller.PingPongControllerTest], using SpringBootContextLoader
16:12:11.550 [Test worker] DEBUG org.springframework.test.context.support.AbstractContextLoader - Did not detect default resource location for test class [com.joantolos.kata.pingpong.app.controller.PingPongControllerTest]: class path resource [com/joantolos/kata/pingpong/app/controller/PingPongControllerTest-context.xml] does not exist
16:12:11.551 [Test worker] DEBUG org.springframework.test.context.support.AbstractContextLoader - Did not detect default resource location for test class [com.joantolos.kata.pingpong.app.controller.PingPongControllerTest]: class path resource [com/joantolos/kata/pingpong/app/controller/PingPongControllerTestContext.groovy] does not exist
16:12:11.551 [Test worker] INFO org.springframework.test.context.support.AbstractContextLoader - Could not detect default resource locations for test class [com.joantolos.kata.pingpong.app.controller.PingPongControllerTest]: no resource found for suffixes {-context.xml, Context.groovy}.
16:12:11.553 [Test worker] INFO org.springframework.test.context.support.AnnotationConfigContextLoaderUtils - Could not detect default configuration classes for test class [com.joantolos.kata.pingpong.app.controller.PingPongControllerTest]: PingPongControllerTest does not declare any static, non-private, non-final, nested classes annotated with @Configuration.
16:12:11.634 [Test worker] DEBUG org.springframework.test.context.support.ActiveProfilesUtils - Could not find an 'annotation declaring class' for annotation type [org.springframework.test.context.ActiveProfiles] and class [com.joantolos.kata.pingpong.app.controller.PingPongControllerTest]
16:12:11.772 [Test worker] DEBUG org.springframework.context.annotation.ClassPathScanningCandidateComponentProvider - Identified candidate component class: file [/Users/joan/Documents/code/joantolos/kata-ping-pong/kata-ping-pong-src/kata-ping-pong-app/build/classes/java/main/com/joantolos/kata/pingpong/app/PingPongApp.class]
16:12:11.774 [Test worker] INFO org.springframework.boot.test.context.SpringBootTestContextBootstrapper - Found @SpringBootConfiguration com.joantolos.kata.pingpong.app.PingPongApp for test class com.joantolos.kata.pingpong.app.controller.PingPongControllerTest
16:12:11.960 [Test worker] DEBUG org.springframework.boot.test.context.SpringBootTestContextBootstrapper - @TestExecutionListeners is not present for class [com.joantolos.kata.pingpong.app.controller.PingPongControllerTest]: using defaults.
16:12:11.961 [Test worker] INFO org.springframework.boot.test.context.SpringBootTestContextBootstrapper - Loaded default TestExecutionListener class names from location [META-INF/spring.factories]: [org.springframework.boot.test.autoconfigure.restdocs.RestDocsTestExecutionListener, org.springframework.boot.test.autoconfigure.web.client.MockRestServiceServerResetTestExecutionListener, org.springframework.boot.test.autoconfigure.web.servlet.MockMvcPrintOnlyOnFailureTestExecutionListener, org.springframework.boot.test.autoconfigure.web.servlet.WebDriverTestExecutionListener, org.springframework.boot.test.mock.mockito.MockitoTestExecutionListener, org.springframework.boot.test.mock.mockito.ResetMocksTestExecutionListener, org.springframework.test.context.web.ServletTestExecutionListener, org.springframework.test.context.support.DirtiesContextBeforeModesTestExecutionListener, org.springframework.test.context.support.DependencyInjectionTestExecutionListener, org.springframework.test.context.support.DirtiesContextTestExecutionListener, org.springframework.test.context.transaction.TransactionalTestExecutionListener, org.springframework.test.context.jdbc.SqlScriptsTestExecutionListener, org.springframework.test.context.event.EventPublishingTestExecutionListener]
16:12:11.981 [Test worker] DEBUG org.springframework.boot.test.context.SpringBootTestContextBootstrapper - Skipping candidate TestExecutionListener [org.springframework.test.context.transaction.TransactionalTestExecutionListener] due to a missing dependency. Specify custom listener classes or make the default listener classes and their required dependencies available. Offending class: [org/springframework/transaction/interceptor/TransactionAttributeSource]
16:12:11.982 [Test worker] DEBUG org.springframework.boot.test.context.SpringBootTestContextBootstrapper - Skipping candidate TestExecutionListener [org.springframework.test.context.jdbc.SqlScriptsTestExecutionListener] due to a missing dependency. Specify custom listener classes or make the default listener classes and their required dependencies available. Offending class: [org/springframework/transaction/interceptor/TransactionAttribute]
16:12:11.983 [Test worker] INFO org.springframework.boot.test.context.SpringBootTestContextBootstrapper - Using TestExecutionListeners: [org.springframework.test.context.web.ServletTestExecutionListener@aa4b656, org.springframework.test.context.support.DirtiesContextBeforeModesTestExecutionListener@1842258d, org.springframework.boot.test.mock.mockito.MockitoTestExecutionListener@5d779c11, org.springframework.boot.test.autoconfigure.SpringBootDependencyInjectionTestExecutionListener@10aedf1, org.springframework.test.context.support.DirtiesContextTestExecutionListener@2e33ed80, org.springframework.test.context.event.EventPublishingTestExecutionListener@27d4db86, org.springframework.boot.test.autoconfigure.restdocs.RestDocsTestExecutionListener@46a25c79, org.springframework.boot.test.autoconfigure.web.client.MockRestServiceServerResetTestExecutionListener@10114439, org.springframework.boot.test.autoconfigure.web.servlet.MockMvcPrintOnlyOnFailureTestExecutionListener@217ff456, org.springframework.boot.test.autoconfigure.web.servlet.WebDriverTestExecutionListener@20f61314, org.springframework.boot.test.mock.mockito.ResetMocksTestExecutionListener@7463d2e7]
16:12:11.990 [Test worker] DEBUG org.springframework.test.annotation.ProfileValueUtils - Retrieved @ProfileValueSourceConfiguration [null] for test class [com.joantolos.kata.pingpong.app.controller.PingPongControllerTest]
16:12:11.992 [Test worker] DEBUG org.springframework.test.annotation.ProfileValueUtils - Retrieved ProfileValueSource type [class org.springframework.test.annotation.SystemProfileValueSource] for class [com.joantolos.kata.pingpong.app.controller.PingPongControllerTest]
16:12:11.994 [Test worker] DEBUG org.springframework.test.annotation.ProfileValueUtils - Retrieved @ProfileValueSourceConfiguration [null] for test class [com.joantolos.kata.pingpong.app.controller.PingPongControllerTest]
16:12:11.995 [Test worker] DEBUG org.springframework.test.annotation.ProfileValueUtils - Retrieved ProfileValueSource type [class org.springframework.test.annotation.SystemProfileValueSource] for class [com.joantolos.kata.pingpong.app.controller.PingPongControllerTest]
16:12:12.006 [Test worker] DEBUG org.springframework.test.context.support.AbstractDirtiesContextTestExecutionListener - Before test class: context [DefaultTestContext@217b01ca testClass = PingPongControllerTest, testInstance = [null], testMethod = [null], testException = [null], mergedContextConfiguration = [WebMergedContextConfiguration@2ff2f229 testClass = PingPongControllerTest, locations = '{}', classes = '{class com.joantolos.kata.pingpong.app.PingPongApp}', contextInitializerClasses = '[]', activeProfiles = '{}', propertySourceLocations = '{}', propertySourceProperties = '{eureka.client.enabled=false, eureka.client.register-with-eureka=false, eureka.client.fetch-registry=false, server.port=7111, org.springframework.boot.test.context.SpringBootTestContextBootstrapper=true}', contextCustomizers = set[org.springframework.boot.test.autoconfigure.properties.PropertyMappingContextCustomizer@0, org.springframework.boot.test.autoconfigure.web.servlet.WebDriverContextCustomizerFactory$Customizer@1c1a7799, org.springframework.boot.test.context.filter.ExcludeFilterContextCustomizer@7ab459fa, org.springframework.boot.test.json.DuplicateJsonObjectContextCustomizerFactory$DuplicateJsonObjectContextCustomizer@50591020, org.springframework.boot.test.mock.mockito.MockitoContextCustomizer@0, org.springframework.boot.test.web.client.TestRestTemplateContextCustomizer@5a9bb4ce], resourceBasePath = 'src/main/webapp', contextLoader = 'org.springframework.boot.test.context.SpringBootContextLoader', parent = [null]], attributes = map['org.springframework.test.context.web.ServletTestExecutionListener.activateListener' -> true]], class annotated with @DirtiesContext [false] with mode [null].
16:12:12.010 [Test worker] DEBUG org.springframework.test.annotation.ProfileValueUtils - Retrieved @ProfileValueSourceConfiguration [null] for test class [com.joantolos.kata.pingpong.app.controller.PingPongControllerTest]
16:12:12.011 [Test worker] DEBUG org.springframework.test.annotation.ProfileValueUtils - Retrieved ProfileValueSource type [class org.springframework.test.annotation.SystemProfileValueSource] for class [com.joantolos.kata.pingpong.app.controller.PingPongControllerTest]
16:12:12.073 [Test worker] DEBUG org.springframework.test.context.support.TestPropertySourceUtils - Adding inlined properties to environment: {spring.jmx.enabled=false, eureka.client.enabled=false, eureka.client.register-with-eureka=false, eureka.client.fetch-registry=false, server.port=7111, org.springframework.boot.test.context.SpringBootTestContextBootstrapper=true}
2019-11-27 16:12:13.088  INFO 18142 --- [    Test worker] trationDelegate$BeanPostProcessorChecker : Bean 'org.springframework.cloud.autoconfigure.ConfigurationPropertiesRebinderAutoConfiguration' of type [org.springframework.cloud.autoconfigure.ConfigurationPropertiesRebinderAutoConfiguration$$EnhancerBySpringCGLIB$$3b7766e1] is not eligible for getting processed by all BeanPostProcessors (for example: not eligible for auto-proxying)

  .   ____          _            __ _ _
 /\\ / ___'_ __ _ _(_)_ __  __ _ \ \ \ \
( ( )\___ | '_ | '_| | '_ \/ _` | \ \ \ \
 \\/  ___)| |_)| | | | | || (_| |  ) ) ) )
  '  |____| .__|_| |_|_| |_\__, | / / / /
 =========|_|==============|___/=/_/_/_/
 :: Spring Boot ::        (v2.2.1.RELEASE)

2019-11-27 16:12:13.263  INFO 18142 --- [    Test worker] c.j.k.p.a.c.PingPongControllerTest       : The following profiles are active: local
2019-11-27 16:12:14.790  INFO 18142 --- [    Test worker] o.s.cloud.context.scope.GenericScope     : BeanFactory id=6c2fa9c1-73f5-364b-88d5-eae8ee20a3fa
2019-11-27 16:12:15.222  INFO 18142 --- [    Test worker] trationDelegate$BeanPostProcessorChecker : Bean 'org.springframework.cloud.autoconfigure.ConfigurationPropertiesRebinderAutoConfiguration' of type [org.springframework.cloud.autoconfigure.ConfigurationPropertiesRebinderAutoConfiguration$$EnhancerBySpringCGLIB$$3b7766e1] is not eligible for getting processed by all BeanPostProcessors (for example: not eligible for auto-proxying)
2019-11-27 16:12:15.603  WARN 18142 --- [    Test worker] c.n.c.sources.URLConfigurationSource     : No URLs will be polled as dynamic configuration sources.
2019-11-27 16:12:15.604  INFO 18142 --- [    Test worker] c.n.c.sources.URLConfigurationSource     : To enable URLs as dynamic configuration sources, define System property archaius.configurationSource.additionalUrls or make config.properties available on classpath.
2019-11-27 16:12:15.619  WARN 18142 --- [    Test worker] c.n.c.sources.URLConfigurationSource     : No URLs will be polled as dynamic configuration sources.
2019-11-27 16:12:15.620  INFO 18142 --- [    Test worker] c.n.c.sources.URLConfigurationSource     : To enable URLs as dynamic configuration sources, define System property archaius.configurationSource.additionalUrls or make config.properties available on classpath.
2019-11-27 16:12:16.387  INFO 18142 --- [    Test worker] o.s.s.concurrent.ThreadPoolTaskExecutor  : Initializing ExecutorService 'applicationTaskExecutor'
2019-11-27 16:12:18.464  INFO 18142 --- [    Test worker] o.s.b.a.e.web.EndpointLinksResolver      : Exposing 2 endpoint(s) beneath base path '/actuator'
2019-11-27 16:12:18.566  INFO 18142 --- [    Test worker] c.j.k.p.a.c.PingPongControllerTest       : Started PingPongControllerTest in 6.474 seconds (JVM running for 8.273)
2019-11-27 16:12:18.946  INFO 18142 --- [    Test worker] c.j.k.p.a.controller.PingPongController  : 	 *** /ping endpoint called
]]></system-out>
  <system-err><![CDATA[]]></system-err>
</testsuite>
