<?xml version="1.0" encoding="UTF-8"?>
<testsuite name="Scenario: Checking if the service does ping or pong when playing" tests="3" skipped="0" failures="0" errors="0" timestamp="2019-11-27T16:05:24" hostname="Joans-MBP-2.mm-ads.com" time="0.016">
  <properties/>
  <testcase name="Given I perform a &quot;GET&quot; to &quot;http://localhost:7111/play&quot; end point" classname="Scenario: Checking if the service does ping or pong when playing" time="0.0"/>
  <testcase name="Then the response at the json path &quot;move&quot; includes &quot;Ping!&quot; or &quot;Pong!&quot;" classname="Scenario: Checking if the service does ping or pong when playing" time="0.0"/>
  <testcase name="classMethod" classname="Scenario: Checking if the service does ping or pong when playing" time="0.039"/>
  <system-out><![CDATA[2019-11-27 17:05:24.754  INFO 18829 --- [    Test worker] o.s.t.c.support.AbstractContextLoader    : Could not detect default resource locations for test class [PingPongAcceptance]: no resource found for suffixes {-context.xml, Context.groovy}.
2019-11-27 17:05:24.756  INFO 18829 --- [    Test worker] o.s.t.c.s.TestPropertySourceAttributes   : Detected default properties file "classpath:PingPongAcceptance.properties" for test class [PingPongAcceptance]
2019-11-27 17:05:24.758  INFO 18829 --- [    Test worker] .b.t.c.SpringBootTestContextBootstrapper : Loaded default TestExecutionListener class names from location [META-INF/spring.factories]: [org.springframework.boot.test.autoconfigure.restdocs.RestDocsTestExecutionListener, org.springframework.boot.test.autoconfigure.web.client.MockRestServiceServerResetTestExecutionListener, org.springframework.boot.test.autoconfigure.web.servlet.MockMvcPrintOnlyOnFailureTestExecutionListener, org.springframework.boot.test.autoconfigure.web.servlet.WebDriverTestExecutionListener, org.springframework.boot.test.mock.mockito.MockitoTestExecutionListener, org.springframework.boot.test.mock.mockito.ResetMocksTestExecutionListener, org.springframework.test.context.web.ServletTestExecutionListener, org.springframework.test.context.support.DirtiesContextBeforeModesTestExecutionListener, org.springframework.test.context.support.DependencyInjectionTestExecutionListener, org.springframework.test.context.support.DirtiesContextTestExecutionListener, org.springframework.test.context.transaction.TransactionalTestExecutionListener, org.springframework.test.context.jdbc.SqlScriptsTestExecutionListener, org.springframework.test.context.event.EventPublishingTestExecutionListener]
2019-11-27 17:05:24.759  INFO 18829 --- [    Test worker] .b.t.c.SpringBootTestContextBootstrapper : Using TestExecutionListeners: [org.springframework.test.context.web.ServletTestExecutionListener@7f4c50b7, org.springframework.test.context.support.DirtiesContextBeforeModesTestExecutionListener@59a382e4, org.springframework.boot.test.mock.mockito.MockitoTestExecutionListener@70b343c6, org.springframework.boot.test.autoconfigure.SpringBootDependencyInjectionTestExecutionListener@11d57228, org.springframework.test.context.support.DirtiesContextTestExecutionListener@c01514d, org.springframework.test.context.event.EventPublishingTestExecutionListener@4970468b, org.springframework.boot.test.autoconfigure.restdocs.RestDocsTestExecutionListener@23b78110, org.springframework.boot.test.autoconfigure.web.client.MockRestServiceServerResetTestExecutionListener@1949e37c, org.springframework.boot.test.autoconfigure.web.servlet.MockMvcPrintOnlyOnFailureTestExecutionListener@1fc45221, org.springframework.boot.test.autoconfigure.web.servlet.WebDriverTestExecutionListener@54cb0b4c, org.springframework.boot.test.mock.mockito.ResetMocksTestExecutionListener@4b6bbfc4]

  @Pong
  Scenario: Checking if the service does pong                         ?[90m# game.feature:9?[0m
    ?[32mGiven ?[0m?[32mI perform a "?[0m?[32m?[1mGET?[0m?[32m" to "?[0m?[32m?[1mhttp://localhost:7111/pong?[0m?[32m" end point?[0m ?[90m# PingPongAcceptance.java:25?[0m
    ?[32mThen ?[0m?[32mthe response at the json path "?[0m?[32m?[1mmove?[0m?[32m" includes "?[0m?[32m?[1mPong!?[0m?[32m"?[0m        ?[90m# PingPongAcceptance.java:29?[0m
2019-11-27 17:05:24.774  INFO 18829 --- [nio-7111-exec-3] c.j.k.p.a.controller.PingPongController  : 	 *** /play endpoint called
]]></system-out>
  <system-err><![CDATA[]]></system-err>
</testsuite>
