<?xml version="1.0" encoding="UTF-8"?>
<testsuite name="PingPongAcceptanceTestRunner" tests="0" skipped="0" failures="0" errors="0" timestamp="1970-01-01T00:00:00" hostname="Joans-MBP-2.mm-ads.com" time="0.0">
  <properties/>
  <system-out><![CDATA[Feature: Game

  @Play
  Scenario: Checking if the service does ping or pong when playing        ?[90m# game.feature:14?[0m
    ?[32mGiven ?[0m?[32mI perform a "?[0m?[32m?[1mGET?[0m?[32m" to "?[0m?[32m?[1mhttp://localhost:7111/play?[0m?[32m" end point?[0m     ?[90m# PingPongAcceptance.java:25?[0m
    ?[32mThen ?[0m?[32mthe response at the json path "?[0m?[32m?[1mmove?[0m?[32m" includes "?[0m?[32m?[1mPing!?[0m?[32m" or "?[0m?[32m?[1mPong!?[0m?[32m"?[0m ?[90m# PingPongAcceptance.java:32?[0m

3 Scenarios (?[32m3 passed?[0m)
6 Steps (?[32m6 passed?[0m)
0m2.196s

]]></system-out>
  <system-err><![CDATA[]]></system-err>
</testsuite>
