<?xml version="1.0" encoding="UTF-8"?>
<testsuite name="Scenario: Checking if the service does ping" tests="3" skipped="0" failures="0" errors="0" timestamp="2019-11-27T15:31:20" hostname="Joans-MBP-2.mm-ads.com" time="0.63">
  <properties/>
  <testcase name="Given I perform a &quot;GET&quot; to &quot;http://localhost:7111/ping&quot; end point" classname="Scenario: Checking if the service does ping" time="0.0"/>
  <testcase name="Then the response at the json path &quot;move&quot; includes &quot;Ping!&quot;" classname="Scenario: Checking if the service does ping" time="0.0"/>
  <testcase name="classMethod" classname="Scenario: Checking if the service does ping" time="9.622"/>
  <system-out><![CDATA[16:31:11.218 [Test worker] DEBUG org.springframework.test.context.BootstrapUtils - Instantiating CacheAwareContextLoaderDelegate from class [org.springframework.test.context.cache.DefaultCacheAwareContextLoaderDelegate]
16:31:11.257 [Test worker] DEBUG org.springframework.test.context.BootstrapUtils - Instantiating BootstrapContext using constructor [public org.springframework.test.context.support.DefaultBootstrapContext(java.lang.Class,org.springframework.test.context.CacheAwareContextLoaderDelegate)]
16:31:11.415 [Test worker] DEBUG org.springframework.test.context.BootstrapUtils - Instantiating TestContextBootstrapper for test class [PingPongAcceptance] from class [org.springframework.boot.test.context.SpringBootTestContextBootstrapper]
16:31:11.466 [Test worker] DEBUG org.springframework.test.context.support.AbstractContextLoader - Did not detect default resource location for test class [PingPongAcceptance]: class path resource [PingPongAcceptance-context.xml] does not exist
16:31:11.467 [Test worker] DEBUG org.springframework.test.context.support.AbstractContextLoader - Did not detect default resource location for test class [PingPongAcceptance]: class path resource [PingPongAcceptanceContext.groovy] does not exist
16:31:11.467 [Test worker] INFO org.springframework.test.context.support.AbstractContextLoader - Could not detect default resource locations for test class [PingPongAcceptance]: no resource found for suffixes {-context.xml, Context.groovy}.
16:31:11.533 [Test worker] INFO org.springframework.test.context.support.TestPropertySourceAttributes - Detected default properties file "classpath:PingPongAcceptance.properties" for test class [PingPongAcceptance]
16:31:11.538 [Test worker] DEBUG org.springframework.test.context.support.ActiveProfilesUtils - Could not find an 'annotation declaring class' for annotation type [org.springframework.test.context.ActiveProfiles] and class [PingPongAcceptance]
16:31:11.806 [Test worker] DEBUG org.springframework.boot.test.context.SpringBootTestContextBootstrapper - @TestExecutionListeners is not present for class [PingPongAcceptance]: using defaults.
16:31:11.807 [Test worker] INFO org.springframework.boot.test.context.SpringBootTestContextBootstrapper - Loaded default TestExecutionListener class names from location [META-INF/spring.factories]: [org.springframework.boot.test.autoconfigure.restdocs.RestDocsTestExecutionListener, org.springframework.boot.test.autoconfigure.web.client.MockRestServiceServerResetTestExecutionListener, org.springframework.boot.test.autoconfigure.web.servlet.MockMvcPrintOnlyOnFailureTestExecutionListener, org.springframework.boot.test.autoconfigure.web.servlet.WebDriverTestExecutionListener, org.springframework.boot.test.mock.mockito.MockitoTestExecutionListener, org.springframework.boot.test.mock.mockito.ResetMocksTestExecutionListener, org.springframework.test.context.web.ServletTestExecutionListener, org.springframework.test.context.support.DirtiesContextBeforeModesTestExecutionListener, org.springframework.test.context.support.DependencyInjectionTestExecutionListener, org.springframework.test.context.support.DirtiesContextTestExecutionListener, org.springframework.test.context.transaction.TransactionalTestExecutionListener, org.springframework.test.context.jdbc.SqlScriptsTestExecutionListener, org.springframework.test.context.event.EventPublishingTestExecutionListener]
16:31:11.827 [Test worker] DEBUG org.springframework.boot.test.context.SpringBootTestContextBootstrapper - Skipping candidate TestExecutionListener [org.springframework.test.context.transaction.TransactionalTestExecutionListener] due to a missing dependency. Specify custom listener classes or make the default listener classes and their required dependencies available. Offending class: [org/springframework/transaction/interceptor/TransactionAttributeSource]
16:31:11.828 [Test worker] DEBUG org.springframework.boot.test.context.SpringBootTestContextBootstrapper - Skipping candidate TestExecutionListener [org.springframework.test.context.jdbc.SqlScriptsTestExecutionListener] due to a missing dependency. Specify custom listener classes or make the default listener classes and their required dependencies available. Offending class: [org/springframework/transaction/interceptor/TransactionAttribute]
16:31:11.828 [Test worker] INFO org.springframework.boot.test.context.SpringBootTestContextBootstrapper - Using TestExecutionListeners: [org.springframework.test.context.web.ServletTestExecutionListener@1d4a34a9, org.springframework.test.context.support.DirtiesContextBeforeModesTestExecutionListener@5307816c, org.springframework.boot.test.mock.mockito.MockitoTestExecutionListener@140a9321, org.springframework.boot.test.autoconfigure.SpringBootDependencyInjectionTestExecutionListener@7978b2ca, org.springframework.test.context.support.DirtiesContextTestExecutionListener@355b2e30, org.springframework.test.context.event.EventPublishingTestExecutionListener@5a38d516, org.springframework.boot.test.autoconfigure.restdocs.RestDocsTestExecutionListener@1a6bc6eb, org.springframework.boot.test.autoconfigure.web.client.MockRestServiceServerResetTestExecutionListener@2639c98e, org.springframework.boot.test.autoconfigure.web.servlet.MockMvcPrintOnlyOnFailureTestExecutionListener@4a7f59d7, org.springframework.boot.test.autoconfigure.web.servlet.WebDriverTestExecutionListener@56f3b5eb, org.springframework.boot.test.mock.mockito.ResetMocksTestExecutionListener@12eb6d40]
16:31:11.881 [Test worker] DEBUG org.springframework.test.context.support.TestPropertySourceUtils - Adding inlined properties to environment: {spring.jmx.enabled=false, org.springframework.boot.test.context.SpringBootTestContextBootstrapper=true}
2019-11-27 16:31:13.389  INFO 18378 --- [    Test worker] trationDelegate$BeanPostProcessorChecker : Bean 'org.springframework.cloud.autoconfigure.ConfigurationPropertiesRebinderAutoConfiguration' of type [org.springframework.cloud.autoconfigure.ConfigurationPropertiesRebinderAutoConfiguration$$EnhancerBySpringCGLIB$$a528009] is not eligible for getting processed by all BeanPostProcessors (for example: not eligible for auto-proxying)

  .   ____          _            __ _ _
 /\\ / ___'_ __ _ _(_)_ __  __ _ \ \ \ \
( ( )\___ | '_ | '_| | '_ \/ _` | \ \ \ \
 \\/  ___)| |_)| | | | | || (_| |  ) ) ) )
  '  |____| .__|_| |_|_| |_\__, | / / / /
 =========|_|==============|___/=/_/_/_/
 :: Spring Boot ::        (v2.2.1.RELEASE)

2019-11-27 16:31:13.572  INFO 18378 --- [    Test worker] PingPongAcceptance                       : The following profiles are active: local
2019-11-27 16:31:14.933  INFO 18378 --- [    Test worker] o.s.cloud.context.scope.GenericScope     : BeanFactory id=2ab1bb4c-d96b-3a17-9663-3ab447a1eb51
2019-11-27 16:31:15.240  INFO 18378 --- [    Test worker] trationDelegate$BeanPostProcessorChecker : Bean 'org.springframework.cloud.autoconfigure.ConfigurationPropertiesRebinderAutoConfiguration' of type [org.springframework.cloud.autoconfigure.ConfigurationPropertiesRebinderAutoConfiguration$$EnhancerBySpringCGLIB$$a528009] is not eligible for getting processed by all BeanPostProcessors (for example: not eligible for auto-proxying)
2019-11-27 16:31:15.701  INFO 18378 --- [    Test worker] o.s.b.w.embedded.tomcat.TomcatWebServer  : Tomcat initialized with port(s): 7111 (http)
2019-11-27 16:31:15.724  INFO 18378 --- [    Test worker] o.apache.catalina.core.StandardService   : Starting service [Tomcat]
2019-11-27 16:31:15.725  INFO 18378 --- [    Test worker] org.apache.catalina.core.StandardEngine  : Starting Servlet engine: [Apache Tomcat/9.0.27]
2019-11-27 16:31:15.874  INFO 18378 --- [    Test worker] o.a.c.c.C.[Tomcat].[localhost].[/]       : Initializing Spring embedded WebApplicationContext
2019-11-27 16:31:15.874  INFO 18378 --- [    Test worker] o.s.web.context.ContextLoader            : Root WebApplicationContext: initialization completed in 2295 ms
2019-11-27 16:31:16.109  WARN 18378 --- [    Test worker] c.n.c.sources.URLConfigurationSource     : No URLs will be polled as dynamic configuration sources.
2019-11-27 16:31:16.110  INFO 18378 --- [    Test worker] c.n.c.sources.URLConfigurationSource     : To enable URLs as dynamic configuration sources, define System property archaius.configurationSource.additionalUrls or make config.properties available on classpath.
2019-11-27 16:31:16.121  INFO 18378 --- [    Test worker] c.netflix.config.DynamicPropertyFactory  : DynamicPropertyFactory is initialized with configuration sources: com.netflix.config.ConcurrentCompositeConfiguration@12c6071e
2019-11-27 16:31:16.890  WARN 18378 --- [    Test worker] c.n.c.sources.URLConfigurationSource     : No URLs will be polled as dynamic configuration sources.
2019-11-27 16:31:16.891  INFO 18378 --- [    Test worker] c.n.c.sources.URLConfigurationSource     : To enable URLs as dynamic configuration sources, define System property archaius.configurationSource.additionalUrls or make config.properties available on classpath.
2019-11-27 16:31:17.194  INFO 18378 --- [    Test worker] o.s.s.concurrent.ThreadPoolTaskExecutor  : Initializing ExecutorService 'applicationTaskExecutor'
2019-11-27 16:31:18.029  INFO 18378 --- [    Test worker] o.s.b.a.e.web.EndpointLinksResolver      : Exposing 2 endpoint(s) beneath base path '/actuator'
2019-11-27 16:31:18.640  INFO 18378 --- [    Test worker] o.s.b.w.embedded.tomcat.TomcatWebServer  : Tomcat started on port(s): 7111 (http) with context path ''
2019-11-27 16:31:18.646  INFO 18378 --- [    Test worker] PingPongAcceptance                       : Started PingPongAcceptance in 6.758 seconds (JVM running for 9.335)
2019-11-27 16:31:19.876  INFO 18378 --- [nio-7111-exec-1] o.a.c.c.C.[Tomcat].[localhost].[/]       : Initializing Spring DispatcherServlet 'dispatcherServlet'
2019-11-27 16:31:19.876  INFO 18378 --- [nio-7111-exec-1] o.s.web.servlet.DispatcherServlet        : Initializing Servlet 'dispatcherServlet'
2019-11-27 16:31:19.893  INFO 18378 --- [nio-7111-exec-1] o.s.web.servlet.DispatcherServlet        : Completed initialization in 17 ms
2019-11-27 16:31:19.941  INFO 18378 --- [nio-7111-exec-1] c.j.k.p.a.controller.PingPongController  : 	 *** /ping endpoint called
]]></system-out>
  <system-err><![CDATA[]]></system-err>
</testsuite>
