<?xml version="1.0" encoding="UTF-8"?>
<testsuite name="Scenario: Checking if the service does pong" tests="3" skipped="0" failures="0" errors="0" timestamp="2019-05-10T12:44:20" hostname="joans-MacBook-Pro.local" time="0.016">
  <properties/>
  <testcase name="Given I perform a &quot;GET&quot; to &quot;http://localhost:7111/pong&quot; end point" classname="Scenario: Checking if the service does pong" time="0.0"/>
  <testcase name="Then the response at the json path &quot;move&quot; includes &quot;Pong!&quot;" classname="Scenario: Checking if the service does pong" time="0.0"/>
  <testcase name="classMethod" classname="Scenario: Checking if the service does pong" time="0.058"/>
  <system-out><![CDATA[2019-05-10 14:44:20.107  INFO 3035 --- [    Test worker] o.s.t.c.support.AbstractContextLoader    : Could not detect default resource locations for test class [PingPongAcceptance]: no resource found for suffixes {-context.xml, Context.groovy}.
2019-05-10 14:44:20.109  INFO 3035 --- [    Test worker] o.s.t.c.s.TestPropertySourceAttributes   : Detected default properties file "classpath:PingPongAcceptance.properties" for test class [PingPongAcceptance]
2019-05-10 14:44:20.111  INFO 3035 --- [    Test worker] .b.t.c.SpringBootTestContextBootstrapper : Loaded default TestExecutionListener class names from location [META-INF/spring.factories]: [org.springframework.boot.test.autoconfigure.restdocs.RestDocsTestExecutionListener, org.springframework.boot.test.autoconfigure.web.client.MockRestServiceServerResetTestExecutionListener, org.springframework.boot.test.autoconfigure.web.servlet.MockMvcPrintOnlyOnFailureTestExecutionListener, org.springframework.boot.test.autoconfigure.web.servlet.WebDriverTestExecutionListener, org.springframework.boot.test.mock.mockito.MockitoTestExecutionListener, org.springframework.boot.test.mock.mockito.ResetMocksTestExecutionListener, org.springframework.test.context.web.ServletTestExecutionListener, org.springframework.test.context.support.DirtiesContextBeforeModesTestExecutionListener, org.springframework.test.context.support.DependencyInjectionTestExecutionListener, org.springframework.test.context.support.DirtiesContextTestExecutionListener, org.springframework.test.context.transaction.TransactionalTestExecutionListener, org.springframework.test.context.jdbc.SqlScriptsTestExecutionListener]
2019-05-10 14:44:20.113  INFO 3035 --- [    Test worker] .b.t.c.SpringBootTestContextBootstrapper : Using TestExecutionListeners: [org.springframework.test.context.web.ServletTestExecutionListener@ce34e4a, org.springframework.test.context.support.DirtiesContextBeforeModesTestExecutionListener@786b9fd6, org.springframework.boot.test.mock.mockito.MockitoTestExecutionListener@16784979, org.springframework.boot.test.autoconfigure.SpringBootDependencyInjectionTestExecutionListener@5427d6b4, org.springframework.test.context.support.DirtiesContextTestExecutionListener@42205364, org.springframework.boot.test.autoconfigure.restdocs.RestDocsTestExecutionListener@6611f1d9, org.springframework.boot.test.autoconfigure.web.client.MockRestServiceServerResetTestExecutionListener@32f64fe3, org.springframework.boot.test.autoconfigure.web.servlet.MockMvcPrintOnlyOnFailureTestExecutionListener@580ebd7f, org.springframework.boot.test.autoconfigure.web.servlet.WebDriverTestExecutionListener@18756e69, org.springframework.boot.test.mock.mockito.ResetMocksTestExecutionListener@7103cb87]

  @Ping
  Scenario: Checking if the service does ping                         ?[90m# game.feature:4?[0m
    ?[32mGiven ?[0m?[32mI perform a "?[0m?[32m?[1mGET?[0m?[32m" to "?[0m?[32m?[1mhttp://localhost:7111/ping?[0m?[32m" end point?[0m ?[90m# PingPongAcceptance.java:25?[0m
    ?[32mThen ?[0m?[32mthe response at the json path "?[0m?[32m?[1mmove?[0m?[32m" includes "?[0m?[32m?[1mPing!?[0m?[32m"?[0m        ?[90m# PingPongAcceptance.java:29?[0m
2019-05-10 14:44:20.142  INFO 3035 --- [nio-7111-exec-2] c.j.k.p.a.controller.PingPongController  : 	 *** /pong endpoint called
]]></system-out>
  <system-err><![CDATA[]]></system-err>
</testsuite>
