<?xml version="1.0" encoding="UTF-8"?>
<testsuite name="Scenario: Checking if the service does ping" tests="3" skipped="0" failures="0" errors="0" timestamp="2019-05-10T12:44:19" hostname="joans-MacBook-Pro.local" time="0.832">
  <properties/>
  <testcase name="Given I perform a &quot;GET&quot; to &quot;http://localhost:7111/ping&quot; end point" classname="Scenario: Checking if the service does ping" time="0.001"/>
  <testcase name="Then the response at the json path &quot;move&quot; includes &quot;Ping!&quot;" classname="Scenario: Checking if the service does ping" time="0.0"/>
  <testcase name="classMethod" classname="Scenario: Checking if the service does ping" time="12.784"/>
  <system-out><![CDATA[14:44:07.503 [Test worker] DEBUG org.springframework.test.context.BootstrapUtils - Instantiating CacheAwareContextLoaderDelegate from class [org.springframework.test.context.cache.DefaultCacheAwareContextLoaderDelegate]
14:44:07.565 [Test worker] DEBUG org.springframework.test.context.BootstrapUtils - Instantiating BootstrapContext using constructor [public org.springframework.test.context.support.DefaultBootstrapContext(java.lang.Class,org.springframework.test.context.CacheAwareContextLoaderDelegate)]
14:44:07.635 [Test worker] DEBUG org.springframework.test.context.BootstrapUtils - Instantiating TestContextBootstrapper for test class [PingPongAcceptance] from class [org.springframework.boot.test.context.SpringBootTestContextBootstrapper]
14:44:07.677 [Test worker] DEBUG org.springframework.test.context.support.AbstractContextLoader - Did not detect default resource location for test class [PingPongAcceptance]: class path resource [PingPongAcceptance-context.xml] does not exist
14:44:07.678 [Test worker] DEBUG org.springframework.test.context.support.AbstractContextLoader - Did not detect default resource location for test class [PingPongAcceptance]: class path resource [PingPongAcceptanceContext.groovy] does not exist
14:44:07.678 [Test worker] INFO org.springframework.test.context.support.AbstractContextLoader - Could not detect default resource locations for test class [PingPongAcceptance]: no resource found for suffixes {-context.xml, Context.groovy}.
14:44:07.799 [Test worker] INFO org.springframework.test.context.support.TestPropertySourceAttributes - Detected default properties file "classpath:PingPongAcceptance.properties" for test class [PingPongAcceptance]
14:44:07.807 [Test worker] DEBUG org.springframework.test.context.support.ActiveProfilesUtils - Could not find an 'annotation declaring class' for annotation type [org.springframework.test.context.ActiveProfiles] and class [PingPongAcceptance]
14:44:08.180 [Test worker] DEBUG org.springframework.boot.test.context.SpringBootTestContextBootstrapper - @TestExecutionListeners is not present for class [PingPongAcceptance]: using defaults.
14:44:08.182 [Test worker] INFO org.springframework.boot.test.context.SpringBootTestContextBootstrapper - Loaded default TestExecutionListener class names from location [META-INF/spring.factories]: [org.springframework.boot.test.autoconfigure.restdocs.RestDocsTestExecutionListener, org.springframework.boot.test.autoconfigure.web.client.MockRestServiceServerResetTestExecutionListener, org.springframework.boot.test.autoconfigure.web.servlet.MockMvcPrintOnlyOnFailureTestExecutionListener, org.springframework.boot.test.autoconfigure.web.servlet.WebDriverTestExecutionListener, org.springframework.boot.test.mock.mockito.MockitoTestExecutionListener, org.springframework.boot.test.mock.mockito.ResetMocksTestExecutionListener, org.springframework.test.context.web.ServletTestExecutionListener, org.springframework.test.context.support.DirtiesContextBeforeModesTestExecutionListener, org.springframework.test.context.support.DependencyInjectionTestExecutionListener, org.springframework.test.context.support.DirtiesContextTestExecutionListener, org.springframework.test.context.transaction.TransactionalTestExecutionListener, org.springframework.test.context.jdbc.SqlScriptsTestExecutionListener]
14:44:08.209 [Test worker] DEBUG org.springframework.boot.test.context.SpringBootTestContextBootstrapper - Skipping candidate TestExecutionListener [org.springframework.test.context.transaction.TransactionalTestExecutionListener] due to a missing dependency. Specify custom listener classes or make the default listener classes and their required dependencies available. Offending class: [org/springframework/transaction/interceptor/TransactionAttributeSource]
14:44:08.210 [Test worker] DEBUG org.springframework.boot.test.context.SpringBootTestContextBootstrapper - Skipping candidate TestExecutionListener [org.springframework.test.context.jdbc.SqlScriptsTestExecutionListener] due to a missing dependency. Specify custom listener classes or make the default listener classes and their required dependencies available. Offending class: [org/springframework/transaction/interceptor/TransactionAttribute]
14:44:08.211 [Test worker] INFO org.springframework.boot.test.context.SpringBootTestContextBootstrapper - Using TestExecutionListeners: [org.springframework.test.context.web.ServletTestExecutionListener@32be6c6, org.springframework.test.context.support.DirtiesContextBeforeModesTestExecutionListener@3fbba07a, org.springframework.boot.test.mock.mockito.MockitoTestExecutionListener@24e4a3d8, org.springframework.boot.test.autoconfigure.SpringBootDependencyInjectionTestExecutionListener@25a7b887, org.springframework.test.context.support.DirtiesContextTestExecutionListener@79e66723, org.springframework.boot.test.autoconfigure.restdocs.RestDocsTestExecutionListener@1bbcb015, org.springframework.boot.test.autoconfigure.web.client.MockRestServiceServerResetTestExecutionListener@1ac72ad9, org.springframework.boot.test.autoconfigure.web.servlet.MockMvcPrintOnlyOnFailureTestExecutionListener@23cda86, org.springframework.boot.test.autoconfigure.web.servlet.WebDriverTestExecutionListener@48297a9d, org.springframework.boot.test.mock.mockito.ResetMocksTestExecutionListener@36eb4795]
14:44:08.297 [Test worker] DEBUG org.springframework.test.context.support.TestPropertySourceUtils - Adding inlined properties to environment: {spring.jmx.enabled=false, org.springframework.boot.test.context.SpringBootTestContextBootstrapper=true}
2019-05-10 14:44:10.667  INFO 3035 --- [    Test worker] trationDelegate$BeanPostProcessorChecker : Bean 'org.springframework.cloud.autoconfigure.ConfigurationPropertiesRebinderAutoConfiguration' of type [org.springframework.cloud.autoconfigure.ConfigurationPropertiesRebinderAutoConfiguration$$EnhancerBySpringCGLIB$$6a2b9587] is not eligible for getting processed by all BeanPostProcessors (for example: not eligible for auto-proxying)

  .   ____          _            __ _ _
 /\\ / ___'_ __ _ _(_)_ __  __ _ \ \ \ \
( ( )\___ | '_ | '_| | '_ \/ _` | \ \ \ \
 \\/  ___)| |_)| | | | | || (_| |  ) ) ) )
  '  |____| .__|_| |_|_| |_\__, | / / / /
 =========|_|==============|___/=/_/_/_/
 :: Spring Boot ::        (v2.1.3.RELEASE)

2019-05-10 14:44:11.046  INFO 3035 --- [    Test worker] PingPongAcceptance                       : No active profile set, falling back to default profiles: default
2019-05-10 14:44:12.901  INFO 3035 --- [    Test worker] o.s.cloud.context.scope.GenericScope     : BeanFactory id=38be60ef-3541-374f-bdef-a8bc0a552379
2019-05-10 14:44:13.110  INFO 3035 --- [    Test worker] trationDelegate$BeanPostProcessorChecker : Bean 'org.springframework.cloud.autoconfigure.ConfigurationPropertiesRebinderAutoConfiguration' of type [org.springframework.cloud.autoconfigure.ConfigurationPropertiesRebinderAutoConfiguration$$EnhancerBySpringCGLIB$$6a2b9587] is not eligible for getting processed by all BeanPostProcessors (for example: not eligible for auto-proxying)
2019-05-10 14:44:13.730  INFO 3035 --- [    Test worker] o.s.b.w.embedded.tomcat.TomcatWebServer  : Tomcat initialized with port(s): 7111 (http)
2019-05-10 14:44:13.776  INFO 3035 --- [    Test worker] o.apache.catalina.core.StandardService   : Starting service [Tomcat]
2019-05-10 14:44:13.777  INFO 3035 --- [    Test worker] org.apache.catalina.core.StandardEngine  : Starting Servlet engine: [Apache Tomcat/9.0.16]
2019-05-10 14:44:13.800  INFO 3035 --- [    Test worker] o.a.catalina.core.AprLifecycleListener   : The APR based Apache Tomcat Native library which allows optimal performance in production environments was not found on the java.library.path: [/Users/joan/Library/Java/Extensions:/Library/Java/Extensions:/Network/Library/Java/Extensions:/System/Library/Java/Extensions:/usr/lib/java:.]
2019-05-10 14:44:14.013  INFO 3035 --- [    Test worker] o.a.c.c.C.[Tomcat].[localhost].[/]       : Initializing Spring embedded WebApplicationContext
2019-05-10 14:44:14.014  INFO 3035 --- [    Test worker] o.s.web.context.ContextLoader            : Root WebApplicationContext: initialization completed in 2961 ms
2019-05-10 14:44:14.298  WARN 3035 --- [    Test worker] c.n.c.sources.URLConfigurationSource     : No URLs will be polled as dynamic configuration sources.
2019-05-10 14:44:14.299  INFO 3035 --- [    Test worker] c.n.c.sources.URLConfigurationSource     : To enable URLs as dynamic configuration sources, define System property archaius.configurationSource.additionalUrls or make config.properties available on classpath.
2019-05-10 14:44:14.314  INFO 3035 --- [    Test worker] c.netflix.config.DynamicPropertyFactory  : DynamicPropertyFactory is initialized with configuration sources: com.netflix.config.ConcurrentCompositeConfiguration@6e7938
2019-05-10 14:44:15.121  WARN 3035 --- [    Test worker] o.s.c.n.a.ArchaiusAutoConfiguration      : No spring.application.name found, defaulting to 'application'
2019-05-10 14:44:15.122  WARN 3035 --- [    Test worker] c.n.c.sources.URLConfigurationSource     : No URLs will be polled as dynamic configuration sources.
2019-05-10 14:44:15.122  INFO 3035 --- [    Test worker] c.n.c.sources.URLConfigurationSource     : To enable URLs as dynamic configuration sources, define System property archaius.configurationSource.additionalUrls or make config.properties available on classpath.
2019-05-10 14:44:15.694  INFO 3035 --- [    Test worker] o.s.s.concurrent.ThreadPoolTaskExecutor  : Initializing ExecutorService 'applicationTaskExecutor'
2019-05-10 14:44:16.827  INFO 3035 --- [    Test worker] o.s.b.a.e.web.EndpointLinksResolver      : Exposing 2 endpoint(s) beneath base path '/actuator'
2019-05-10 14:44:17.603  INFO 3035 --- [    Test worker] o.s.b.w.embedded.tomcat.TomcatWebServer  : Tomcat started on port(s): 7111 (http) with context path ''
2019-05-10 14:44:17.608  INFO 3035 --- [    Test worker] PingPongAcceptance                       : Started PingPongAcceptance in 9.304 seconds (JVM running for 12.631)
2019-05-10 14:44:18.982  INFO 3035 --- [nio-7111-exec-1] o.a.c.c.C.[Tomcat].[localhost].[/]       : Initializing Spring DispatcherServlet 'dispatcherServlet'
2019-05-10 14:44:18.982  INFO 3035 --- [nio-7111-exec-1] o.s.web.servlet.DispatcherServlet        : Initializing Servlet 'dispatcherServlet'
2019-05-10 14:44:19.013  INFO 3035 --- [nio-7111-exec-1] o.s.web.servlet.DispatcherServlet        : Completed initialization in 30 ms
2019-05-10 14:44:19.076  INFO 3035 --- [nio-7111-exec-1] c.j.k.p.a.controller.PingPongController  : 	 *** /ping endpoint called
]]></system-out>
  <system-err><![CDATA[]]></system-err>
</testsuite>
