<?xml version="1.0" encoding="UTF-8"?>
<testsuite name="Scenario: Checking if the service does pong" tests="3" skipped="0" failures="0" errors="0" timestamp="2019-11-27T16:05:24" hostname="Joans-MBP-2.mm-ads.com" time="0.011">
  <properties/>
  <testcase name="Given I perform a &quot;GET&quot; to &quot;http://localhost:7111/pong&quot; end point" classname="Scenario: Checking if the service does pong" time="0.0"/>
  <testcase name="Then the response at the json path &quot;move&quot; includes &quot;Pong!&quot;" classname="Scenario: Checking if the service does pong" time="0.0"/>
  <testcase name="classMethod" classname="Scenario: Checking if the service does pong" time="0.047"/>
  <system-out><![CDATA[2019-11-27 17:05:24.708  INFO 18829 --- [    Test worker] o.s.t.c.support.AbstractContextLoader    : Could not detect default resource locations for test class [PingPongAcceptance]: no resource found for suffixes {-context.xml, Context.groovy}.
2019-11-27 17:05:24.710  INFO 18829 --- [    Test worker] o.s.t.c.s.TestPropertySourceAttributes   : Detected default properties file "classpath:PingPongAcceptance.properties" for test class [PingPongAcceptance]
2019-11-27 17:05:24.713  INFO 18829 --- [    Test worker] .b.t.c.SpringBootTestContextBootstrapper : Loaded default TestExecutionListener class names from location [META-INF/spring.factories]: [org.springframework.boot.test.autoconfigure.restdocs.RestDocsTestExecutionListener, org.springframework.boot.test.autoconfigure.web.client.MockRestServiceServerResetTestExecutionListener, org.springframework.boot.test.autoconfigure.web.servlet.MockMvcPrintOnlyOnFailureTestExecutionListener, org.springframework.boot.test.autoconfigure.web.servlet.WebDriverTestExecutionListener, org.springframework.boot.test.mock.mockito.MockitoTestExecutionListener, org.springframework.boot.test.mock.mockito.ResetMocksTestExecutionListener, org.springframework.test.context.web.ServletTestExecutionListener, org.springframework.test.context.support.DirtiesContextBeforeModesTestExecutionListener, org.springframework.test.context.support.DependencyInjectionTestExecutionListener, org.springframework.test.context.support.DirtiesContextTestExecutionListener, org.springframework.test.context.transaction.TransactionalTestExecutionListener, org.springframework.test.context.jdbc.SqlScriptsTestExecutionListener, org.springframework.test.context.event.EventPublishingTestExecutionListener]
2019-11-27 17:05:24.715  INFO 18829 --- [    Test worker] .b.t.c.SpringBootTestContextBootstrapper : Using TestExecutionListeners: [org.springframework.test.context.web.ServletTestExecutionListener@7bf910b5, org.springframework.test.context.support.DirtiesContextBeforeModesTestExecutionListener@7b06f4db, org.springframework.boot.test.mock.mockito.MockitoTestExecutionListener@20cc2a36, org.springframework.boot.test.autoconfigure.SpringBootDependencyInjectionTestExecutionListener@72ec1558, org.springframework.test.context.support.DirtiesContextTestExecutionListener@4123df08, org.springframework.test.context.event.EventPublishingTestExecutionListener@d4f4bdb, org.springframework.boot.test.autoconfigure.restdocs.RestDocsTestExecutionListener@4c134dde, org.springframework.boot.test.autoconfigure.web.client.MockRestServiceServerResetTestExecutionListener@5e47c7d1, org.springframework.boot.test.autoconfigure.web.servlet.MockMvcPrintOnlyOnFailureTestExecutionListener@143988e, org.springframework.boot.test.autoconfigure.web.servlet.WebDriverTestExecutionListener@76251aee, org.springframework.boot.test.mock.mockito.ResetMocksTestExecutionListener@200ed449]

  @Ping
  Scenario: Checking if the service does ping                         ?[90m# game.feature:4?[0m
    ?[32mGiven ?[0m?[32mI perform a "?[0m?[32m?[1mGET?[0m?[32m" to "?[0m?[32m?[1mhttp://localhost:7111/ping?[0m?[32m" end point?[0m ?[90m# PingPongAcceptance.java:25?[0m
    ?[32mThen ?[0m?[32mthe response at the json path "?[0m?[32m?[1mmove?[0m?[32m" includes "?[0m?[32m?[1mPing!?[0m?[32m"?[0m        ?[90m# PingPongAcceptance.java:29?[0m
2019-11-27 17:05:24.739  INFO 18829 --- [nio-7111-exec-2] c.j.k.p.a.controller.PingPongController  : 	 *** /pong endpoint called
]]></system-out>
  <system-err><![CDATA[]]></system-err>
</testsuite>
