<?xml version="1.0" encoding="UTF-8"?>
<testsuite name="Scenario: Checking if the service does ping or pong when playing" tests="3" skipped="0" failures="0" errors="0" timestamp="2019-05-10T12:44:20" hostname="joans-MacBook-Pro.local" time="0.025">
  <properties/>
  <testcase name="Given I perform a &quot;GET&quot; to &quot;http://localhost:7111/play&quot; end point" classname="Scenario: Checking if the service does ping or pong when playing" time="0.0"/>
  <testcase name="Then the response at the json path &quot;move&quot; includes &quot;Ping!&quot; or &quot;Pong!&quot;" classname="Scenario: Checking if the service does ping or pong when playing" time="0.0"/>
  <testcase name="classMethod" classname="Scenario: Checking if the service does ping or pong when playing" time="0.06"/>
  <system-out><![CDATA[2019-05-10 14:44:20.164  INFO 3035 --- [    Test worker] o.s.t.c.support.AbstractContextLoader    : Could not detect default resource locations for test class [PingPongAcceptance]: no resource found for suffixes {-context.xml, Context.groovy}.
2019-05-10 14:44:20.166  INFO 3035 --- [    Test worker] o.s.t.c.s.TestPropertySourceAttributes   : Detected default properties file "classpath:PingPongAcceptance.properties" for test class [PingPongAcceptance]
2019-05-10 14:44:20.168  INFO 3035 --- [    Test worker] .b.t.c.SpringBootTestContextBootstrapper : Loaded default TestExecutionListener class names from location [META-INF/spring.factories]: [org.springframework.boot.test.autoconfigure.restdocs.RestDocsTestExecutionListener, org.springframework.boot.test.autoconfigure.web.client.MockRestServiceServerResetTestExecutionListener, org.springframework.boot.test.autoconfigure.web.servlet.MockMvcPrintOnlyOnFailureTestExecutionListener, org.springframework.boot.test.autoconfigure.web.servlet.WebDriverTestExecutionListener, org.springframework.boot.test.mock.mockito.MockitoTestExecutionListener, org.springframework.boot.test.mock.mockito.ResetMocksTestExecutionListener, org.springframework.test.context.web.ServletTestExecutionListener, org.springframework.test.context.support.DirtiesContextBeforeModesTestExecutionListener, org.springframework.test.context.support.DependencyInjectionTestExecutionListener, org.springframework.test.context.support.DirtiesContextTestExecutionListener, org.springframework.test.context.transaction.TransactionalTestExecutionListener, org.springframework.test.context.jdbc.SqlScriptsTestExecutionListener]
2019-05-10 14:44:20.169  INFO 3035 --- [    Test worker] .b.t.c.SpringBootTestContextBootstrapper : Using TestExecutionListeners: [org.springframework.test.context.web.ServletTestExecutionListener@10335d6f, org.springframework.test.context.support.DirtiesContextBeforeModesTestExecutionListener@114a0b12, org.springframework.boot.test.mock.mockito.MockitoTestExecutionListener@62542a75, org.springframework.boot.test.autoconfigure.SpringBootDependencyInjectionTestExecutionListener@a328b1b, org.springframework.test.context.support.DirtiesContextTestExecutionListener@e07717, org.springframework.boot.test.autoconfigure.restdocs.RestDocsTestExecutionListener@4133fe82, org.springframework.boot.test.autoconfigure.web.client.MockRestServiceServerResetTestExecutionListener@2776353, org.springframework.boot.test.autoconfigure.web.servlet.MockMvcPrintOnlyOnFailureTestExecutionListener@1c834a55, org.springframework.boot.test.autoconfigure.web.servlet.WebDriverTestExecutionListener@1fd8de1d, org.springframework.boot.test.mock.mockito.ResetMocksTestExecutionListener@4141f48a]

  @Pong
  Scenario: Checking if the service does pong                         ?[90m# game.feature:9?[0m
    ?[32mGiven ?[0m?[32mI perform a "?[0m?[32m?[1mGET?[0m?[32m" to "?[0m?[32m?[1mhttp://localhost:7111/pong?[0m?[32m" end point?[0m ?[90m# PingPongAcceptance.java:25?[0m
    ?[32mThen ?[0m?[32mthe response at the json path "?[0m?[32m?[1mmove?[0m?[32m" includes "?[0m?[32m?[1mPong!?[0m?[32m"?[0m        ?[90m# PingPongAcceptance.java:29?[0m
2019-05-10 14:44:20.194  INFO 3035 --- [nio-7111-exec-3] c.j.k.p.a.controller.PingPongController  : 	 *** /play endpoint called
]]></system-out>
  <system-err><![CDATA[]]></system-err>
</testsuite>
