<?xml version="1.0" encoding="UTF-8"?>
<testsuite name="Scenario: Checking if the service does pong" tests="3" skipped="0" failures="0" errors="0" timestamp="2019-11-27T15:31:20" hostname="Joans-MBP-2.mm-ads.com" time="0.013">
  <properties/>
  <testcase name="Given I perform a &quot;GET&quot; to &quot;http://localhost:7111/pong&quot; end point" classname="Scenario: Checking if the service does pong" time="0.0"/>
  <testcase name="Then the response at the json path &quot;move&quot; includes &quot;Pong!&quot;" classname="Scenario: Checking if the service does pong" time="0.0"/>
  <testcase name="classMethod" classname="Scenario: Checking if the service does pong" time="0.047"/>
  <system-out><![CDATA[2019-11-27 16:31:20.721  INFO 18378 --- [    Test worker] o.s.t.c.support.AbstractContextLoader    : Could not detect default resource locations for test class [PingPongAcceptance]: no resource found for suffixes {-context.xml, Context.groovy}.
2019-11-27 16:31:20.723  INFO 18378 --- [    Test worker] o.s.t.c.s.TestPropertySourceAttributes   : Detected default properties file "classpath:PingPongAcceptance.properties" for test class [PingPongAcceptance]
2019-11-27 16:31:20.727  INFO 18378 --- [    Test worker] .b.t.c.SpringBootTestContextBootstrapper : Loaded default TestExecutionListener class names from location [META-INF/spring.factories]: [org.springframework.boot.test.autoconfigure.restdocs.RestDocsTestExecutionListener, org.springframework.boot.test.autoconfigure.web.client.MockRestServiceServerResetTestExecutionListener, org.springframework.boot.test.autoconfigure.web.servlet.MockMvcPrintOnlyOnFailureTestExecutionListener, org.springframework.boot.test.autoconfigure.web.servlet.WebDriverTestExecutionListener, org.springframework.boot.test.mock.mockito.MockitoTestExecutionListener, org.springframework.boot.test.mock.mockito.ResetMocksTestExecutionListener, org.springframework.test.context.web.ServletTestExecutionListener, org.springframework.test.context.support.DirtiesContextBeforeModesTestExecutionListener, org.springframework.test.context.support.DependencyInjectionTestExecutionListener, org.springframework.test.context.support.DirtiesContextTestExecutionListener, org.springframework.test.context.transaction.TransactionalTestExecutionListener, org.springframework.test.context.jdbc.SqlScriptsTestExecutionListener, org.springframework.test.context.event.EventPublishingTestExecutionListener]
2019-11-27 16:31:20.729  INFO 18378 --- [    Test worker] .b.t.c.SpringBootTestContextBootstrapper : Using TestExecutionListeners: [org.springframework.test.context.web.ServletTestExecutionListener@2112ad08, org.springframework.test.context.support.DirtiesContextBeforeModesTestExecutionListener@43d4e6d4, org.springframework.boot.test.mock.mockito.MockitoTestExecutionListener@47709166, org.springframework.boot.test.autoconfigure.SpringBootDependencyInjectionTestExecutionListener@1b1676d9, org.springframework.test.context.support.DirtiesContextTestExecutionListener@2f58e25e, org.springframework.test.context.event.EventPublishingTestExecutionListener@4bde4327, org.springframework.boot.test.autoconfigure.restdocs.RestDocsTestExecutionListener@866109b, org.springframework.boot.test.autoconfigure.web.client.MockRestServiceServerResetTestExecutionListener@206e0ff0, org.springframework.boot.test.autoconfigure.web.servlet.MockMvcPrintOnlyOnFailureTestExecutionListener@48cc43b1, org.springframework.boot.test.autoconfigure.web.servlet.WebDriverTestExecutionListener@71b2f6f4, org.springframework.boot.test.mock.mockito.ResetMocksTestExecutionListener@4968c291]

  @Ping
  Scenario: Checking if the service does ping                         ?[90m# game.feature:4?[0m
    ?[32mGiven ?[0m?[32mI perform a "?[0m?[32m?[1mGET?[0m?[32m" to "?[0m?[32m?[1mhttp://localhost:7111/ping?[0m?[32m" end point?[0m ?[90m# PingPongAcceptance.java:25?[0m
    ?[32mThen ?[0m?[32mthe response at the json path "?[0m?[32m?[1mmove?[0m?[32m" includes "?[0m?[32m?[1mPing!?[0m?[32m"?[0m        ?[90m# PingPongAcceptance.java:29?[0m
2019-11-27 16:31:20.747  INFO 18378 --- [nio-7111-exec-2] c.j.k.p.a.controller.PingPongController  : 	 *** /pong endpoint called
]]></system-out>
  <system-err><![CDATA[]]></system-err>
</testsuite>
