<?xml version="1.0" encoding="UTF-8"?>
<testsuite name="Scenario: Checking if the service does ping or pong when playing" tests="3" skipped="0" failures="0" errors="0" timestamp="2019-11-27T15:12:39" hostname="Joans-MBP-2.mm-ads.com" time="0.021">
  <properties/>
  <testcase name="Given I perform a &quot;GET&quot; to &quot;http://localhost:7111/play&quot; end point" classname="Scenario: Checking if the service does ping or pong when playing" time="0.0"/>
  <testcase name="Then the response at the json path &quot;move&quot; includes &quot;Ping!&quot; or &quot;Pong!&quot;" classname="Scenario: Checking if the service does ping or pong when playing" time="0.0"/>
  <testcase name="classMethod" classname="Scenario: Checking if the service does ping or pong when playing" time="0.05"/>
  <system-out><![CDATA[2019-11-27 16:12:39.809  INFO 18162 --- [    Test worker] o.s.t.c.support.AbstractContextLoader    : Could not detect default resource locations for test class [PingPongAcceptance]: no resource found for suffixes {-context.xml, Context.groovy}.
2019-11-27 16:12:39.811  INFO 18162 --- [    Test worker] o.s.t.c.s.TestPropertySourceAttributes   : Detected default properties file "classpath:PingPongAcceptance.properties" for test class [PingPongAcceptance]
2019-11-27 16:12:39.814  INFO 18162 --- [    Test worker] .b.t.c.SpringBootTestContextBootstrapper : Loaded default TestExecutionListener class names from location [META-INF/spring.factories]: [org.springframework.boot.test.autoconfigure.restdocs.RestDocsTestExecutionListener, org.springframework.boot.test.autoconfigure.web.client.MockRestServiceServerResetTestExecutionListener, org.springframework.boot.test.autoconfigure.web.servlet.MockMvcPrintOnlyOnFailureTestExecutionListener, org.springframework.boot.test.autoconfigure.web.servlet.WebDriverTestExecutionListener, org.springframework.boot.test.mock.mockito.MockitoTestExecutionListener, org.springframework.boot.test.mock.mockito.ResetMocksTestExecutionListener, org.springframework.test.context.web.ServletTestExecutionListener, org.springframework.test.context.support.DirtiesContextBeforeModesTestExecutionListener, org.springframework.test.context.support.DependencyInjectionTestExecutionListener, org.springframework.test.context.support.DirtiesContextTestExecutionListener, org.springframework.test.context.transaction.TransactionalTestExecutionListener, org.springframework.test.context.jdbc.SqlScriptsTestExecutionListener, org.springframework.test.context.event.EventPublishingTestExecutionListener]
2019-11-27 16:12:39.815  INFO 18162 --- [    Test worker] .b.t.c.SpringBootTestContextBootstrapper : Using TestExecutionListeners: [org.springframework.test.context.web.ServletTestExecutionListener@5c17f7ce, org.springframework.test.context.support.DirtiesContextBeforeModesTestExecutionListener@58a2c001, org.springframework.boot.test.mock.mockito.MockitoTestExecutionListener@30af921a, org.springframework.boot.test.autoconfigure.SpringBootDependencyInjectionTestExecutionListener@6a999ecb, org.springframework.test.context.support.DirtiesContextTestExecutionListener@9d3bdd1, org.springframework.test.context.event.EventPublishingTestExecutionListener@473fc622, org.springframework.boot.test.autoconfigure.restdocs.RestDocsTestExecutionListener@bcca39d, org.springframework.boot.test.autoconfigure.web.client.MockRestServiceServerResetTestExecutionListener@2d050be9, org.springframework.boot.test.autoconfigure.web.servlet.MockMvcPrintOnlyOnFailureTestExecutionListener@392c16ad, org.springframework.boot.test.autoconfigure.web.servlet.WebDriverTestExecutionListener@1bd97c, org.springframework.boot.test.mock.mockito.ResetMocksTestExecutionListener@6ea552a9]

  @Pong
  Scenario: Checking if the service does pong                         ?[90m# game.feature:9?[0m
    ?[32mGiven ?[0m?[32mI perform a "?[0m?[32m?[1mGET?[0m?[32m" to "?[0m?[32m?[1mhttp://localhost:7111/pong?[0m?[32m" end point?[0m ?[90m# PingPongAcceptance.java:25?[0m
    ?[32mThen ?[0m?[32mthe response at the json path "?[0m?[32m?[1mmove?[0m?[32m" includes "?[0m?[32m?[1mPong!?[0m?[32m"?[0m        ?[90m# PingPongAcceptance.java:29?[0m
2019-11-27 16:12:39.834  INFO 18162 --- [nio-7111-exec-3] c.j.k.p.a.controller.PingPongController  : 	 *** /play endpoint called
]]></system-out>
  <system-err><![CDATA[]]></system-err>
</testsuite>
