<?xml version="1.0" encoding="UTF-8"?>
<testsuite name="Scenario: Checking if the service does ping" tests="3" skipped="0" failures="0" errors="0" timestamp="2019-11-27T16:05:24" hostname="Joans-MBP-2.mm-ads.com" time="0.562">
  <properties/>
  <testcase name="Given I perform a &quot;GET&quot; to &quot;http://localhost:7111/ping&quot; end point" classname="Scenario: Checking if the service does ping" time="0.0"/>
  <testcase name="Then the response at the json path &quot;move&quot; includes &quot;Ping!&quot;" classname="Scenario: Checking if the service does ping" time="0.0"/>
  <testcase name="classMethod" classname="Scenario: Checking if the service does ping" time="7.948"/>
  <system-out><![CDATA[17:05:16.833 [Test worker] DEBUG org.springframework.test.context.BootstrapUtils - Instantiating CacheAwareContextLoaderDelegate from class [org.springframework.test.context.cache.DefaultCacheAwareContextLoaderDelegate]
17:05:16.859 [Test worker] DEBUG org.springframework.test.context.BootstrapUtils - Instantiating BootstrapContext using constructor [public org.springframework.test.context.support.DefaultBootstrapContext(java.lang.Class,org.springframework.test.context.CacheAwareContextLoaderDelegate)]
17:05:16.927 [Test worker] DEBUG org.springframework.test.context.BootstrapUtils - Instantiating TestContextBootstrapper for test class [PingPongAcceptance] from class [org.springframework.boot.test.context.SpringBootTestContextBootstrapper]
17:05:16.963 [Test worker] DEBUG org.springframework.test.context.support.AbstractContextLoader - Did not detect default resource location for test class [PingPongAcceptance]: class path resource [PingPongAcceptance-context.xml] does not exist
17:05:16.964 [Test worker] DEBUG org.springframework.test.context.support.AbstractContextLoader - Did not detect default resource location for test class [PingPongAcceptance]: class path resource [PingPongAcceptanceContext.groovy] does not exist
17:05:16.964 [Test worker] INFO org.springframework.test.context.support.AbstractContextLoader - Could not detect default resource locations for test class [PingPongAcceptance]: no resource found for suffixes {-context.xml, Context.groovy}.
17:05:17.019 [Test worker] INFO org.springframework.test.context.support.TestPropertySourceAttributes - Detected default properties file "classpath:PingPongAcceptance.properties" for test class [PingPongAcceptance]
17:05:17.023 [Test worker] DEBUG org.springframework.test.context.support.ActiveProfilesUtils - Could not find an 'annotation declaring class' for annotation type [org.springframework.test.context.ActiveProfiles] and class [PingPongAcceptance]
17:05:17.223 [Test worker] DEBUG org.springframework.boot.test.context.SpringBootTestContextBootstrapper - @TestExecutionListeners is not present for class [PingPongAcceptance]: using defaults.
17:05:17.223 [Test worker] INFO org.springframework.boot.test.context.SpringBootTestContextBootstrapper - Loaded default TestExecutionListener class names from location [META-INF/spring.factories]: [org.springframework.boot.test.autoconfigure.restdocs.RestDocsTestExecutionListener, org.springframework.boot.test.autoconfigure.web.client.MockRestServiceServerResetTestExecutionListener, org.springframework.boot.test.autoconfigure.web.servlet.MockMvcPrintOnlyOnFailureTestExecutionListener, org.springframework.boot.test.autoconfigure.web.servlet.WebDriverTestExecutionListener, org.springframework.boot.test.mock.mockito.MockitoTestExecutionListener, org.springframework.boot.test.mock.mockito.ResetMocksTestExecutionListener, org.springframework.test.context.web.ServletTestExecutionListener, org.springframework.test.context.support.DirtiesContextBeforeModesTestExecutionListener, org.springframework.test.context.support.DependencyInjectionTestExecutionListener, org.springframework.test.context.support.DirtiesContextTestExecutionListener, org.springframework.test.context.transaction.TransactionalTestExecutionListener, org.springframework.test.context.jdbc.SqlScriptsTestExecutionListener, org.springframework.test.context.event.EventPublishingTestExecutionListener]
17:05:17.240 [Test worker] DEBUG org.springframework.boot.test.context.SpringBootTestContextBootstrapper - Skipping candidate TestExecutionListener [org.springframework.test.context.transaction.TransactionalTestExecutionListener] due to a missing dependency. Specify custom listener classes or make the default listener classes and their required dependencies available. Offending class: [org/springframework/transaction/interceptor/TransactionAttributeSource]
17:05:17.241 [Test worker] DEBUG org.springframework.boot.test.context.SpringBootTestContextBootstrapper - Skipping candidate TestExecutionListener [org.springframework.test.context.jdbc.SqlScriptsTestExecutionListener] due to a missing dependency. Specify custom listener classes or make the default listener classes and their required dependencies available. Offending class: [org/springframework/transaction/interceptor/TransactionAttribute]
17:05:17.241 [Test worker] INFO org.springframework.boot.test.context.SpringBootTestContextBootstrapper - Using TestExecutionListeners: [org.springframework.test.context.web.ServletTestExecutionListener@3b22277f, org.springframework.test.context.support.DirtiesContextBeforeModesTestExecutionListener@73350aa9, org.springframework.boot.test.mock.mockito.MockitoTestExecutionListener@6848f229, org.springframework.boot.test.autoconfigure.SpringBootDependencyInjectionTestExecutionListener@5c04ed73, org.springframework.test.context.support.DirtiesContextTestExecutionListener@76b73053, org.springframework.test.context.event.EventPublishingTestExecutionListener@2d0c1c6e, org.springframework.boot.test.autoconfigure.restdocs.RestDocsTestExecutionListener@27a6a5c, org.springframework.boot.test.autoconfigure.web.client.MockRestServiceServerResetTestExecutionListener@79ee7015, org.springframework.boot.test.autoconfigure.web.servlet.MockMvcPrintOnlyOnFailureTestExecutionListener@3614f2d3, org.springframework.boot.test.autoconfigure.web.servlet.WebDriverTestExecutionListener@7b367713, org.springframework.boot.test.mock.mockito.ResetMocksTestExecutionListener@2acfcaa3]
17:05:17.282 [Test worker] DEBUG org.springframework.test.context.support.TestPropertySourceUtils - Adding inlined properties to environment: {spring.jmx.enabled=false, org.springframework.boot.test.context.SpringBootTestContextBootstrapper=true}
2019-11-27 17:05:18.552  INFO 18829 --- [    Test worker] trationDelegate$BeanPostProcessorChecker : Bean 'org.springframework.cloud.autoconfigure.ConfigurationPropertiesRebinderAutoConfiguration' of type [org.springframework.cloud.autoconfigure.ConfigurationPropertiesRebinderAutoConfiguration$$EnhancerBySpringCGLIB$$8c27dde2] is not eligible for getting processed by all BeanPostProcessors (for example: not eligible for auto-proxying)

  .   ____          _            __ _ _
 /\\ / ___'_ __ _ _(_)_ __  __ _ \ \ \ \
( ( )\___ | '_ | '_| | '_ \/ _` | \ \ \ \
 \\/  ___)| |_)| | | | | || (_| |  ) ) ) )
  '  |____| .__|_| |_|_| |_\__, | / / / /
 =========|_|==============|___/=/_/_/_/
 :: Spring Boot ::        (v2.2.1.RELEASE)

2019-11-27 17:05:18.687  INFO 18829 --- [    Test worker] PingPongAcceptance                       : The following profiles are active: local
2019-11-27 17:05:19.736  INFO 18829 --- [    Test worker] o.s.cloud.context.scope.GenericScope     : BeanFactory id=2ab1bb4c-d96b-3a17-9663-3ab447a1eb51
2019-11-27 17:05:20.043  INFO 18829 --- [    Test worker] trationDelegate$BeanPostProcessorChecker : Bean 'org.springframework.cloud.autoconfigure.ConfigurationPropertiesRebinderAutoConfiguration' of type [org.springframework.cloud.autoconfigure.ConfigurationPropertiesRebinderAutoConfiguration$$EnhancerBySpringCGLIB$$8c27dde2] is not eligible for getting processed by all BeanPostProcessors (for example: not eligible for auto-proxying)
2019-11-27 17:05:20.397  INFO 18829 --- [    Test worker] o.s.b.w.embedded.tomcat.TomcatWebServer  : Tomcat initialized with port(s): 7111 (http)
2019-11-27 17:05:20.414  INFO 18829 --- [    Test worker] o.apache.catalina.core.StandardService   : Starting service [Tomcat]
2019-11-27 17:05:20.414  INFO 18829 --- [    Test worker] org.apache.catalina.core.StandardEngine  : Starting Servlet engine: [Apache Tomcat/9.0.27]
2019-11-27 17:05:20.563  INFO 18829 --- [    Test worker] o.a.c.c.C.[Tomcat].[localhost].[/]       : Initializing Spring embedded WebApplicationContext
2019-11-27 17:05:20.563  INFO 18829 --- [    Test worker] o.s.web.context.ContextLoader            : Root WebApplicationContext: initialization completed in 1870 ms
2019-11-27 17:05:20.776  WARN 18829 --- [    Test worker] c.n.c.sources.URLConfigurationSource     : No URLs will be polled as dynamic configuration sources.
2019-11-27 17:05:20.776  INFO 18829 --- [    Test worker] c.n.c.sources.URLConfigurationSource     : To enable URLs as dynamic configuration sources, define System property archaius.configurationSource.additionalUrls or make config.properties available on classpath.
2019-11-27 17:05:20.788  INFO 18829 --- [    Test worker] c.netflix.config.DynamicPropertyFactory  : DynamicPropertyFactory is initialized with configuration sources: com.netflix.config.ConcurrentCompositeConfiguration@914b08a
2019-11-27 17:05:21.517  WARN 18829 --- [    Test worker] c.n.c.sources.URLConfigurationSource     : No URLs will be polled as dynamic configuration sources.
2019-11-27 17:05:21.517  INFO 18829 --- [    Test worker] c.n.c.sources.URLConfigurationSource     : To enable URLs as dynamic configuration sources, define System property archaius.configurationSource.additionalUrls or make config.properties available on classpath.
2019-11-27 17:05:21.768  INFO 18829 --- [    Test worker] o.s.s.concurrent.ThreadPoolTaskExecutor  : Initializing ExecutorService 'applicationTaskExecutor'
2019-11-27 17:05:22.452  INFO 18829 --- [    Test worker] o.s.b.a.e.web.EndpointLinksResolver      : Exposing 2 endpoint(s) beneath base path '/actuator'
2019-11-27 17:05:22.934  INFO 18829 --- [    Test worker] o.s.b.w.embedded.tomcat.TomcatWebServer  : Tomcat started on port(s): 7111 (http) with context path ''
2019-11-27 17:05:22.938  INFO 18829 --- [    Test worker] PingPongAcceptance                       : Started PingPongAcceptance in 5.651 seconds (JVM running for 7.61)
2019-11-27 17:05:23.942  INFO 18829 --- [nio-7111-exec-1] o.a.c.c.C.[Tomcat].[localhost].[/]       : Initializing Spring DispatcherServlet 'dispatcherServlet'
2019-11-27 17:05:23.942  INFO 18829 --- [nio-7111-exec-1] o.s.web.servlet.DispatcherServlet        : Initializing Servlet 'dispatcherServlet'
2019-11-27 17:05:23.960  INFO 18829 --- [nio-7111-exec-1] o.s.web.servlet.DispatcherServlet        : Completed initialization in 17 ms
2019-11-27 17:05:24.004  INFO 18829 --- [nio-7111-exec-1] c.j.k.p.a.controller.PingPongController  : 	 *** /ping endpoint called
]]></system-out>
  <system-err><![CDATA[]]></system-err>
</testsuite>
