<?xml version="1.0" encoding="UTF-8"?>
<testsuite name="com.joantolos.kata.pingpong.domain.utils.JsonUtilsTest" tests="8" skipped="0" failures="0" errors="0" timestamp="2019-11-27T16:05:13" hostname="Joans-MBP-2.mm-ads.com" time="0.591">
  <properties/>
  <testcase name="shouldReturnErrorWhenMalformedJSON" classname="com.joantolos.kata.pingpong.domain.utils.JsonUtilsTest" time="0.441"/>
  <testcase name="jsonToObjectTest" classname="com.joantolos.kata.pingpong.domain.utils.JsonUtilsTest" time="0.017"/>
  <testcase name="shouldReturnErrorWhenMalformedObjectPrettyJSON" classname="com.joantolos.kata.pingpong.domain.utils.JsonUtilsTest" time="0.015"/>
  <testcase name="shouldReturnErrorWhenMalformedListJSON" classname="com.joantolos.kata.pingpong.domain.utils.JsonUtilsTest" time="0.012"/>
  <testcase name="shouldReturnErrorWhenMalformedObjectJSON" classname="com.joantolos.kata.pingpong.domain.utils.JsonUtilsTest" time="0.002"/>
  <testcase name="objectToJsonTest" classname="com.joantolos.kata.pingpong.domain.utils.JsonUtilsTest" time="0.06"/>
  <testcase name="objectToPrettyJsonTest" classname="com.joantolos.kata.pingpong.domain.utils.JsonUtilsTest" time="0.021"/>
  <testcase name="toClassListTest" classname="com.joantolos.kata.pingpong.domain.utils.JsonUtilsTest" time="0.019"/>
  <system-out><![CDATA[]]></system-out>
  <system-err><![CDATA[]]></system-err>
</testsuite>
