<?xml version="1.0" encoding="UTF-8"?>
<testsuite name="com.joantolos.kata.pingpong.domain.utils.HttpBuilderTest" tests="1" skipped="0" failures="0" errors="0" timestamp="2019-05-10T12:44:03" hostname="joans-MacBook-Pro.local" time="0.041">
  <properties/>
  <testcase name="shouldBuildServerErrorResponse" classname="com.joantolos.kata.pingpong.domain.utils.HttpBuilderTest" time="0.041"/>
  <system-out><![CDATA[]]></system-out>
  <system-err><![CDATA[]]></system-err>
</testsuite>
