<?xml version="1.0" encoding="UTF-8"?>
<testsuite name="com.joantolos.kata.pingpong.domain.utils.JsonUtilsTest" tests="8" skipped="0" failures="0" errors="0" timestamp="2019-05-10T12:44:02" hostname="joans-MacBook-Pro.local" time="0.963">
  <properties/>
  <testcase name="shouldReturnErrorWhenMalformedJSON" classname="com.joantolos.kata.pingpong.domain.utils.JsonUtilsTest" time="0.709"/>
  <testcase name="jsonToObjectTest" classname="com.joantolos.kata.pingpong.domain.utils.JsonUtilsTest" time="0.028"/>
  <testcase name="shouldReturnErrorWhenMalformedObjectPrettyJSON" classname="com.joantolos.kata.pingpong.domain.utils.JsonUtilsTest" time="0.025"/>
  <testcase name="shouldReturnErrorWhenMalformedListJSON" classname="com.joantolos.kata.pingpong.domain.utils.JsonUtilsTest" time="0.022"/>
  <testcase name="shouldReturnErrorWhenMalformedObjectJSON" classname="com.joantolos.kata.pingpong.domain.utils.JsonUtilsTest" time="0.003"/>
  <testcase name="objectToJsonTest" classname="com.joantolos.kata.pingpong.domain.utils.JsonUtilsTest" time="0.097"/>
  <testcase name="objectToPrettyJsonTest" classname="com.joantolos.kata.pingpong.domain.utils.JsonUtilsTest" time="0.039"/>
  <testcase name="toClassListTest" classname="com.joantolos.kata.pingpong.domain.utils.JsonUtilsTest" time="0.039"/>
  <system-out><![CDATA[]]></system-out>
  <system-err><![CDATA[]]></system-err>
</testsuite>
