<?xml version="1.0" encoding="UTF-8"?>
<testsuite name="com.joantolos.kata.pingpong.domain.PingPongServiceSpec" tests="2" skipped="0" failures="0" errors="0" timestamp="2019-11-27T16:05:14" hostname="Joans-MBP-2.mm-ads.com" time="0.067">
  <properties/>
  <testcase name="Should respond ping at least once when playing" classname="com.joantolos.kata.pingpong.domain.PingPongServiceSpec" time="0.065"/>
  <testcase name="Should respond pong at least once when playing" classname="com.joantolos.kata.pingpong.domain.PingPongServiceSpec" time="0.002"/>
  <system-out><![CDATA[]]></system-out>
  <system-err><![CDATA[]]></system-err>
</testsuite>
