<?xml version="1.0" encoding="UTF-8"?>
<testsuite name="com.joantolos.kata.pingpong.domain.utils.JsonUtilsTest" tests="8" skipped="0" failures="0" errors="0" timestamp="2019-11-27T15:12:23" hostname="Joans-MBP-2.mm-ads.com" time="1.489">
  <properties/>
  <testcase name="shouldReturnErrorWhenMalformedJSON" classname="com.joantolos.kata.pingpong.domain.utils.JsonUtilsTest" time="1.005"/>
  <testcase name="jsonToObjectTest" classname="com.joantolos.kata.pingpong.domain.utils.JsonUtilsTest" time="0.049"/>
  <testcase name="shouldReturnErrorWhenMalformedObjectPrettyJSON" classname="com.joantolos.kata.pingpong.domain.utils.JsonUtilsTest" time="0.038"/>
  <testcase name="shouldReturnErrorWhenMalformedListJSON" classname="com.joantolos.kata.pingpong.domain.utils.JsonUtilsTest" time="0.033"/>
  <testcase name="shouldReturnErrorWhenMalformedObjectJSON" classname="com.joantolos.kata.pingpong.domain.utils.JsonUtilsTest" time="0.008"/>
  <testcase name="objectToJsonTest" classname="com.joantolos.kata.pingpong.domain.utils.JsonUtilsTest" time="0.246"/>
  <testcase name="objectToPrettyJsonTest" classname="com.joantolos.kata.pingpong.domain.utils.JsonUtilsTest" time="0.064"/>
  <testcase name="toClassListTest" classname="com.joantolos.kata.pingpong.domain.utils.JsonUtilsTest" time="0.044"/>
  <system-out><![CDATA[]]></system-out>
  <system-err><![CDATA[]]></system-err>
</testsuite>
