<?xml version="1.0" encoding="UTF-8"?>
<testsuite name="com.joantolos.kata.pingpong.domain.utils.JsonUtilsTest" tests="8" skipped="0" failures="0" errors="0" timestamp="2019-11-27T15:31:06" hostname="Joans-MBP-2.mm-ads.com" time="0.784">
  <properties/>
  <testcase name="shouldReturnErrorWhenMalformedJSON" classname="com.joantolos.kata.pingpong.domain.utils.JsonUtilsTest" time="0.594"/>
  <testcase name="jsonToObjectTest" classname="com.joantolos.kata.pingpong.domain.utils.JsonUtilsTest" time="0.028"/>
  <testcase name="shouldReturnErrorWhenMalformedObjectPrettyJSON" classname="com.joantolos.kata.pingpong.domain.utils.JsonUtilsTest" time="0.022"/>
  <testcase name="shouldReturnErrorWhenMalformedListJSON" classname="com.joantolos.kata.pingpong.domain.utils.JsonUtilsTest" time="0.018"/>
  <testcase name="shouldReturnErrorWhenMalformedObjectJSON" classname="com.joantolos.kata.pingpong.domain.utils.JsonUtilsTest" time="0.003"/>
  <testcase name="objectToJsonTest" classname="com.joantolos.kata.pingpong.domain.utils.JsonUtilsTest" time="0.072"/>
  <testcase name="objectToPrettyJsonTest" classname="com.joantolos.kata.pingpong.domain.utils.JsonUtilsTest" time="0.023"/>
  <testcase name="toClassListTest" classname="com.joantolos.kata.pingpong.domain.utils.JsonUtilsTest" time="0.022"/>
  <system-out><![CDATA[]]></system-out>
  <system-err><![CDATA[]]></system-err>
</testsuite>
